This is pdfTeX, Version 3.141592653-2.6-1.40.28 (TeX Live 2025) (preloaded format=pdflatex 2026.1.20)  5 APR 2026 16:36
entering extended mode
 restricted \write18 enabled.
 file:line:error style messages enabled.
 %&-line parsing enabled.
**c:/Users/jasmi/LaTeX-keuzevak/hoofdstukken/main.tex
(c:/Users/jasmi/LaTeX-keuzevak/hoofdstukken/main.tex
LaTeX2e <2025-11-01>
L3 programming layer <2026-01-10>

! LaTeX Error: File `settings.tex' not found.

Type X to quit or <RETURN> to proceed,
or enter new name. (Default extension: tex)

Enter file name: 
c:/Users/jasmi/LaTeX-keuzevak/hoofdstukken/main.tex:27: Emergency stop.
<read *> 
         
l.27 \input{settings.tex}
                         ^^M
*** (cannot \read from terminal in nonstop modes)

 
Here is how much of TeX's memory you used:
 22 strings out of 467532
 539 string characters out of 5423649
 433759 words of memory out of 5000000
 29031 multiletter control sequences out of 15000+600000
 627721 words of font info for 40 fonts, out of 8000000 for 9000
 1141 hyphenation exceptions out of 8191
 16i,0n,26p,137b,18s stack positions out of 10000i,1000n,20000p,200000b,200000s
c:/Users/jasmi/LaTeX-keuzevak/hoofdstukken/main.tex:27:  ==> Fatal error occurred, no output PDF file produced!
